Change Component Designator: OldDesignator=C? NewDesignator=C2
Change Component Designator: OldDesignator=C? NewDesignator=C5
Change Component Designator: OldDesignator=C? NewDesignator=C6
Change Component Designator: OldDesignator=C? NewDesignator=C9
Change Component Designator: OldDesignator=C? NewDesignator=C10
Change Component Designator: OldDesignator=C? NewDesignator=C11
Change Component Designator: OldDesignator=C? NewDesignator=C12
Change Component Designator: OldDesignator=C? NewDesignator=C13
Change Component Designator: OldDesignator=L? NewDesignator=L1
Change Component Designator: OldDesignator=P? NewDesignator=P3
Change Component Designator: OldDesignator=P? NewDesignator=P4
Change Component Designator: OldDesignator=R? NewDesignator=R1
Change Net Name : Old Net Name=NetC?_1 New Net Name=NetC5_1
Change Net Name : Old Net Name=NetC?_2 New Net Name=NetC13_2
Added Member To Class: ClassName=Sensors_1 Member=Component C2 0603YC104KAZ2A
Added Member To Class: ClassName=Sensors_1 Member=Component C5 0603YC104KAZ2A
Added Member To Class: ClassName=Sensors_1 Member=Component C9 0603YC104KAZ2A
Added Member To Class: ClassName=Sensors_1 Member=Component C10 0603YC104KAZ2A
Added Member To Class: ClassName=Sensors_1 Member=Component C11 0603YC104KAZ2A
Added Member To Class: ClassName=Sensors_1 Member=Component C12 0603YC104KAZ2A
Added Member To Class: ClassName=Sensors_1 Member=Component C13 0603YC104KAZ2A
Added Member To Class: ClassName=Sensors_1 Member=Component P3 22-23-2031
Added Room: Name=Sensors_1
