Removed Pin From Net: NetName=BATT_VCC Pin=J4-1
Removed Pin From Net: NetName=BATT_VCC Pin=J4-3
Removed Pin From Net: NetName=+5 Pin=J4-5
Removed Pin From Net: NetName=+5 Pin=J4-7
Removed Pin From Net: NetName=I2C3_SDA Pin=SW5-3
Removed Pin From Net: NetName=I2C3_SCL Pin=SW5-4
Removed Pin From Net: NetName=I2C3_SDA Pin=U1-40
Removed Pin From Net: NetName=I2C3_SCL Pin=U1-41
Added Pin To Net: NetName=+5 Pin=J4-1
Added Pin To Net: NetName=+5 Pin=J4-3
Added Pin To Net: NetName=BATT_VCC Pin=J4-5
Added Pin To Net: NetName=BATT_VCC Pin=J4-7
Added Pin To Net: NetName=I2C3_SCL Pin=SW5-3
Added Pin To Net: NetName=I2C3_SDA Pin=SW5-4
Added Pin To Net: NetName=I2C3_SCL Pin=U1-40
Added Pin To Net: NetName=I2C3_SDA Pin=U1-41
Change Net Name : Old Net Name=Current_SCL New Net Name=NetJ3_1
Change Net Name : Old Net Name=Current_SCL_1 New Net Name=NetJ3_5
Change Net Name : Old Net Name=Current_SCL_2 New Net Name=NetJ3_3
Change Net Name : Old Net Name=Current_SCL_3 New Net Name=NetJ3_7
Change Net Name : Old Net Name=Current_SCL_4 New Net Name=NetJ3_9
Change Net Name : Old Net Name=Current_SDA New Net Name=NetJ3_2
Change Net Name : Old Net Name=Current_SDA_1 New Net Name=NetJ3_6
Change Net Name : Old Net Name=Current_SDA_2 New Net Name=NetJ3_4
Change Net Name : Old Net Name=Current_SDA_3 New Net Name=NetJ3_8
Change Net Name : Old Net Name=Current_SDA_4 New Net Name=NetJ3_10
Change Net Name : Old Net Name=I2C3_SCL New Net Name=I2C3_SDA
Change Net Name : Old Net Name=I2C3_SDA New Net Name=I2C3_SCL
Added Room: Name=Sensors_1
